[2015-05-25 22:41:19] START
[2015-05-25 22:41:40] EDIT courses_app/models/db.py: 0
[2015-05-25 22:41:51] CREATE tables.py: 0
[2015-05-25 23:04:25] EDIT courses_app/models/tables.py: 59
[2015-05-25 23:05:22] EDIT courses_app/models/tables.py: 5
[2015-05-25 23:11:14] CREATE validators.py: 0
[2015-05-25 23:19:53] EDIT courses_app/models/tables.py: 1
[2015-05-25 23:20:34] EDIT courses_app/models/tables.py: 0
[2015-05-25 23:24:08] EDIT courses_app/models/validators.py: 12
[2015-05-25 23:24:47] EDIT courses_app/models/tables.py: 0
[2015-05-25 23:24:58] EDIT courses_app/models/validators.py: 0
[2015-05-25 23:26:00] EDIT courses_app/models/tables.py: 0
[2015-05-25 23:26:25] EDIT courses_app/models/tables.py: 0
[2015-05-25 23:27:33] EDIT courses_app/models/tables.py: 0
[2015-05-25 23:29:15] EDIT courses_app/models/tables.py: 0
[2015-05-25 23:29:33] EDIT courses_app/models/tables.py: 1
[2015-05-25 23:30:57] EDIT courses_app/models/validators.py: 7
[2015-05-25 23:31:05] EDIT courses_app/models/tables.py: 0
[2015-05-27 20:37:26] EDIT courses_app/models/tables.py: 0
[2015-05-27 20:38:07] EDIT courses_app/models/tables.py: 0
[2015-05-27 20:38:26] EDIT courses_app/models/tables.py: 0
[2015-05-27 20:38:42] EDIT courses_app/models/tables.py: 0
[2015-05-27 20:40:14] EDIT courses_app/models/validators.py: 0
[2015-05-27 20:46:22] EDIT courses_app/private/appconfig.ini: 0
[2015-05-27 20:50:30] CREATE course.py: 0
[2015-05-27 20:51:22] EDIT courses_app/controllers/course.py: 1
[2015-05-27 20:51:47] EDIT courses_app/controllers/course.py: 0
[2015-05-27 20:52:39] EDIT courses_app/controllers/course.py: 1
[2015-05-27 20:57:12] EDIT courses_app/models/tables.py: 0
[2015-05-27 20:58:24] EDIT courses_app/models/validators.py: 0
[2015-05-27 20:58:33] EDIT courses_app/models/validators.py: 0
[2015-05-27 21:00:07] EDIT courses_app/models/tables.py: 3
[2015-05-27 21:01:23] EDIT courses_app/models/tables.py: 0
[2015-05-27 21:02:08] EDIT courses_app/models/validators.py: 1
[2015-05-27 21:02:31] EDIT courses_app/models/validators.py: 0
[2015-05-27 21:03:15] EDIT courses_app/models/validators.py: 0
[2015-05-27 21:03:30] EDIT courses_app/models/tables.py: 0
[2015-05-27 21:07:20] EDIT courses_app/controllers/course.py: 4
[2015-05-27 21:07:39] EDIT courses_app/controllers/course.py: 0
[2015-05-27 21:08:50] EDIT courses_app/models/tables.py: 0
[2015-05-27 21:08:56] EDIT courses_app/models/tables.py: 0
[2015-05-27 21:09:02] EDIT courses_app/models/validators.py: 1
[2015-05-27 21:11:37] EDIT courses_app/controllers/course.py: 1
[2015-05-27 21:13:08] EDIT courses_app/controllers/course.py: 3
[2015-05-27 21:13:35] EDIT courses_app/controllers/course.py: 1
[2015-05-27 21:13:46] EDIT courses_app/controllers/course.py: 0
[2015-05-27 21:13:50] EDIT courses_app/controllers/course.py: 0
[2015-05-27 21:14:11] EDIT courses_app/controllers/course.py: 3
[2015-05-27 21:15:42] EDIT courses_app/controllers/course.py: 0
[2015-05-27 21:15:51] EDIT courses_app/controllers/course.py: 1
[2015-05-27 21:16:24] EDIT courses_app/controllers/course.py: 0
[2015-05-27 21:16:41] EDIT courses_app/controllers/course.py: -1
[2015-05-27 21:16:50] EDIT courses_app/controllers/course.py: 1
[2015-05-27 21:16:58] EDIT courses_app/controllers/course.py: -1
[2015-05-27 21:17:26] EDIT courses_app/models/tables.py: 1
[2015-05-27 21:17:50] EDIT courses_app/models/validators.py: 1
[2015-05-27 21:19:59] EDIT courses_app/controllers/course.py: 3
[2015-05-27 21:22:30] EDIT courses_app/controllers/course.py: 5
[2015-05-27 21:22:43] EDIT courses_app/controllers/course.py: 0
[2015-05-27 21:24:37] EDIT courses_app/controllers/course.py: 6
[2015-05-27 21:29:17] EDIT courses_app/controllers/course.py: 1
[2015-05-27 21:31:10] EDIT courses_app/controllers/course.py: -1
[2015-05-27 21:32:11] EDIT courses_app/controllers/course.py: 2
[2015-05-27 21:32:28] EDIT courses_app/controllers/course.py: 1
[2015-05-27 21:33:06] EDIT courses_app/controllers/course.py: 0
[2015-05-27 21:33:23] EDIT courses_app/controllers/course.py: 0
[2015-05-27 21:33:35] EDIT courses_app/controllers/course.py: 0
[2015-05-27 21:33:47] EDIT courses_app/controllers/course.py: 0
[2015-05-27 21:33:58] EDIT courses_app/controllers/course.py: 0
[2015-05-27 21:34:16] EDIT courses_app/controllers/course.py: 0
[2015-05-27 21:34:37] EDIT courses_app/controllers/course.py: 1
[2015-05-27 21:35:09] EDIT courses_app/controllers/course.py: -1
[2015-05-27 21:37:11] EDIT courses_app/controllers/course.py: -1
[2015-05-27 21:37:21] EDIT courses_app/controllers/course.py: 0
[2015-05-27 21:38:28] EDIT courses_app/controllers/course.py: -1
[2015-05-27 21:39:21] EDIT courses_app/controllers/course.py: 0
[2015-05-27 21:39:50] EDIT courses_app/controllers/course.py: -3
[2015-05-27 21:40:05] EDIT courses_app/controllers/course.py: 0
[2015-05-27 21:40:37] EDIT courses_app/models/tables.py: 0
[2015-05-27 21:40:45] EDIT courses_app/controllers/course.py: 0
[2015-05-27 21:41:07] EDIT courses_app/controllers/course.py: 0
[2015-05-27 21:41:15] EDIT courses_app/controllers/course.py: 0
[2015-05-27 21:41:29] EDIT courses_app/controllers/course.py: 0
[2015-05-27 21:41:49] EDIT courses_app/models/validators.py: 0
[2015-05-27 21:42:14] EDIT courses_app/models/validators.py: 0
[2015-05-27 21:42:52] EDIT courses_app/models/tables.py: 0
[2015-05-27 21:43:53] EDIT courses_app/controllers/course.py: 0
[2015-05-27 21:44:22] EDIT courses_app/controllers/course.py: 0
[2015-05-27 21:44:40] EDIT courses_app/controllers/course.py: 0
[2015-05-27 21:44:45] EDIT courses_app/controllers/course.py: 0
[2015-05-27 21:44:48] EDIT courses_app/controllers/course.py: 0
[2015-05-27 21:45:12] EDIT courses_app/controllers/course.py: -2
[2015-05-27 21:45:33] EDIT courses_app/controllers/course.py: 1
[2015-05-27 21:45:45] EDIT courses_app/controllers/course.py: 0
[2015-05-27 21:45:54] EDIT courses_app/controllers/course.py: 0
[2015-05-27 21:46:22] EDIT courses_app/controllers/course.py: 0
[2015-05-27 21:47:18] EDIT courses_app/controllers/course.py: 0
[2015-05-27 21:47:29] EDIT courses_app/controllers/course.py: 0
[2015-05-27 21:50:50] EDIT courses_app/controllers/course.py: 0
[2015-05-27 21:53:07] EDIT courses_app/controllers/course.py: 0
[2015-05-27 21:54:08] EDIT courses_app/controllers/course.py: 3
[2015-05-27 21:54:29] EDIT courses_app/controllers/course.py: 0
[2015-05-27 21:59:44] EDIT courses_app/controllers/course.py: 6
[2015-05-27 21:59:54] EDIT courses_app/controllers/course.py: 0
[2015-05-27 22:01:19] EDIT courses_app/controllers/course.py: 0
[2015-05-27 22:01:20] EDIT courses_app/controllers/course.py: 0
[2015-05-27 22:01:34] EDIT courses_app/controllers/course.py: 0
[2015-05-27 22:01:38] EDIT courses_app/controllers/course.py: 0
[2015-05-27 22:02:09] EDIT courses_app/controllers/course.py: 0
[2015-05-27 22:02:37] EDIT courses_app/controllers/course.py: 0
[2015-05-27 22:02:49] EDIT courses_app/controllers/course.py: 0
[2015-06-10 14:03:18] EDIT courses_app/controllers/default.py: 35
[2015-06-10 14:04:08] CREATE default/courses.html: 0
[2015-06-10 14:04:22] EDIT courses_app/views/default/courses.html: 37
[2015-06-10 14:04:46] CREATE base_courses.html: 0
[2015-06-10 14:04:57] EDIT courses_app/views/base_courses.html: 84
[2015-06-10 14:08:04] EDIT courses_app/views/base_courses.html: 0
[2015-06-10 14:08:16] EDIT courses_app/views/base_courses.html: 0
[2015-06-10 14:09:12] EDIT courses_app/views/base_courses.html: -6
[2015-06-10 14:12:08] DELETE courses_app/controllers/course.py: -35
[2015-06-10 14:12:21] EDIT courses_app/controllers/default.py: 0
[2015-06-10 14:13:09] EDIT courses_app/views/default/courses.html: 2
[2015-06-10 14:13:31] EDIT courses_app/views/default/courses.html: 0
[2015-06-10 14:13:57] EDIT courses_app/views/default/courses.html: 1
[2015-06-10 14:14:07] EDIT courses_app/views/default/courses.html: -12
[2015-06-10 14:15:39] EDIT courses_app/views/default/courses.html: 2
[2015-06-10 14:15:45] EDIT courses_app/views/default/courses.html: 1
[2015-06-10 14:19:46] EDIT courses_app/views/default/courses.html: 1
[2015-06-10 14:21:23] EDIT courses_app/views/default/courses.html: 0
[2015-06-10 14:29:35] EDIT courses_app/views/default/courses.html: 0
[2015-06-10 14:30:26] EDIT courses_app/views/default/courses.html: 0
[2015-06-10 14:31:18] EDIT courses_app/views/default/courses.html: 0
[2015-06-10 14:31:29] EDIT courses_app/views/default/courses.html: 0
[2015-06-10 14:39:15] EDIT courses_app/views/default/courses.html: 0
[2015-06-10 14:39:50] EDIT courses_app/views/default/courses.html: 0
[2015-06-10 14:40:03] EDIT courses_app/views/default/courses.html: 0
[2015-06-10 14:41:41] EDIT courses_app/views/default/courses.html: 0
[2015-06-10 14:41:51] EDIT courses_app/views/default/courses.html: 0
[2015-06-10 14:41:56] EDIT courses_app/views/default/courses.html: 0
[2015-06-10 14:42:10] EDIT courses_app/views/default/courses.html: -1
[2015-06-10 14:42:16] EDIT courses_app/views/default/courses.html: 0
[2015-06-10 14:42:34] EDIT courses_app/views/default/courses.html: 0
[2015-06-10 14:42:58] EDIT courses_app/views/default/courses.html: 0
[2015-06-10 14:43:05] EDIT courses_app/views/default/courses.html: 0
[2015-06-10 14:43:13] EDIT courses_app/views/default/courses.html: 0
[2015-06-10 14:43:29] EDIT courses_app/views/default/courses.html: 0
[2015-06-10 14:43:46] EDIT courses_app/views/default/courses.html: 0
[2015-06-10 14:44:07] EDIT courses_app/views/default/courses.html: 0
[2015-06-10 14:44:34] EDIT courses_app/models/tables.py: 1
[2015-06-10 14:46:45] EDIT courses_app/views/default/courses.html: 0
[2015-06-10 14:47:19] EDIT courses_app/views/default/courses.html: 0
[2015-06-10 14:47:30] EDIT courses_app/views/default/courses.html: 0
[2015-06-10 14:48:47] EDIT courses_app/views/default/courses.html: 0
[2015-06-10 14:49:56] EDIT courses_app/views/default/courses.html: 0
[2015-06-10 14:50:32] EDIT courses_app/views/default/courses.html: 0
[2015-06-10 14:51:30] EDIT courses_app/views/default/courses.html: 0
[2015-06-10 14:51:37] EDIT courses_app/views/default/courses.html: 0
[2015-06-10 14:51:57] EDIT courses_app/views/default/courses.html: 0
[2015-06-10 14:52:00] EDIT courses_app/views/default/courses.html: 0
[2015-06-10 14:54:06] EDIT courses_app/views/default/courses.html: 0
[2015-06-10 15:24:07] EDIT courses_app/views/default/courses.html: 4
[2015-06-10 15:25:01] EDIT courses_app/views/default/courses.html: 2
[2015-06-10 15:25:19] EDIT courses_app/views/default/courses.html: -2
[2015-06-10 15:25:35] EDIT courses_app/views/default/courses.html: 0
[2015-06-10 15:25:49] EDIT courses_app/views/default/courses.html: 0
[2015-06-10 15:26:14] EDIT courses_app/views/default/courses.html: 1
[2015-06-10 15:26:35] EDIT courses_app/views/default/courses.html: 0
[2015-06-10 15:26:38] EDIT courses_app/views/default/courses.html: 0
[2015-06-10 15:26:46] EDIT courses_app/views/default/courses.html: 0
[2015-06-10 15:27:03] EDIT courses_app/views/default/courses.html: 0
[2015-06-10 15:27:19] EDIT courses_app/views/default/courses.html: -1
[2015-06-10 15:27:44] EDIT courses_app/views/default/courses.html: 4
[2015-06-10 15:29:01] EDIT courses_app/views/default/courses.html: -3
[2015-06-10 15:30:04] EDIT courses_app/views/default/courses.html: 0
[2015-06-10 15:31:37] EDIT courses_app/views/default/courses.html: -4
[2015-06-10 15:33:09] EDIT courses_app/controllers/default.py: 4
[2015-06-10 15:33:14] EDIT courses_app/controllers/default.py: 0
[2015-06-10 15:35:25] CREATE default/course.html: 0
[2015-06-10 15:35:37] EDIT courses_app/views/default/course.html: 119
[2015-06-10 15:36:41] EDIT courses_app/views/default/course.html: 0
[2015-06-10 15:36:48] EDIT courses_app/views/default/course.html: 0
[2015-06-10 15:37:08] EDIT courses_app/views/default/course.html: 0
[2015-06-10 15:37:19] EDIT courses_app/views/default/course.html: -1
[2015-06-10 15:37:30] EDIT courses_app/views/default/course.html: -2
[2015-06-10 15:38:15] EDIT courses_app/views/default/course.html: -52
[2015-06-10 15:38:23] EDIT courses_app/views/default/course.html: 1
[2015-06-10 15:38:31] EDIT courses_app/views/default/course.html: 2
[2015-06-10 15:38:50] EDIT courses_app/views/default/course.html: -8
[2015-06-10 15:40:14] EDIT courses_app/views/default/course.html: 3
[2015-06-10 15:40:33] EDIT courses_app/views/default/course.html: -5
[2015-06-10 15:41:23] EDIT courses_app/views/default/course.html: 1
[2015-06-10 15:41:42] EDIT courses_app/views/default/course.html: 0
[2015-06-10 15:41:49] EDIT courses_app/views/default/course.html: 0
[2015-06-10 15:42:26] EDIT courses_app/views/default/course.html: 0
[2015-06-10 15:42:43] EDIT courses_app/views/default/course.html: 0
[2015-06-10 15:44:15] EDIT courses_app/controllers/default.py: 1
[2015-06-10 15:44:32] EDIT courses_app/controllers/default.py: 3
[2015-06-10 15:45:51] EDIT courses_app/models/tables.py: 4
[2015-06-10 15:47:00] EDIT courses_app/models/validators.py: 2
[2015-06-10 15:54:22] EDIT courses_app/models/validators.py: 5
[2015-06-10 15:57:09] EDIT courses_app/controllers/default.py: 7
[2015-06-10 15:57:25] EDIT courses_app/controllers/default.py: 0
[2015-06-10 15:59:20] EDIT courses_app/views/default/course.html: 4
[2015-06-10 15:59:39] EDIT courses_app/views/default/course.html: 0
[2015-06-10 15:59:47] EDIT courses_app/views/default/course.html: 0
[2015-06-10 16:00:29] EDIT courses_app/views/default/course.html: 1
[2015-06-10 16:00:54] EDIT courses_app/views/default/course.html: -18
[2015-06-10 16:01:14] EDIT courses_app/views/default/course.html: 4
[2015-06-10 16:05:14] EDIT courses_app/views/default/course.html: 1
[2015-06-10 16:05:49] EDIT courses_app/models/tables.py: 1
[2015-06-10 16:06:01] EDIT courses_app/views/default/course.html: 0
[2015-06-10 16:06:16] EDIT courses_app/views/default/course.html: 0
[2015-06-10 16:06:37] EDIT courses_app/views/default/course.html: 0
[2015-06-10 16:06:58] EDIT courses_app/views/default/course.html: 0
[2015-06-10 16:07:50] EDIT courses_app/views/default/course.html: 1
[2015-06-10 16:07:54] EDIT courses_app/views/default/course.html: 0
[2015-06-10 16:08:13] EDIT courses_app/views/default/course.html: 0
[2015-06-10 16:08:20] EDIT courses_app/views/default/course.html: 0
[2015-06-10 16:10:54] EDIT courses_app/views/default/course.html: 5
[2015-06-10 16:11:09] EDIT courses_app/views/default/course.html: 1
[2015-06-10 16:11:18] EDIT courses_app/views/default/course.html: 1
[2015-06-10 16:12:07] EDIT courses_app/views/default/course.html: 3
[2015-06-10 16:12:18] EDIT courses_app/views/default/course.html: 0
[2015-06-10 16:12:25] EDIT courses_app/views/default/course.html: 0
[2015-06-10 16:13:02] EDIT courses_app/views/default/course.html: -4
[2015-06-10 16:13:15] EDIT courses_app/views/default/course.html: 1
[2015-06-10 16:13:33] EDIT courses_app/views/default/course.html: 0
[2015-06-10 16:14:10] EDIT courses_app/views/default/course.html: 0
[2015-06-10 16:14:32] EDIT courses_app/views/default/course.html: 0
[2015-06-10 16:15:25] EDIT courses_app/views/default/course.html: 0
[2015-06-10 16:15:55] EDIT courses_app/views/default/course.html: 0
[2015-06-10 16:16:36] EDIT courses_app/models/tables.py: 1
[2015-06-10 16:16:54] EDIT courses_app/models/tables.py: -1
[2015-06-10 16:17:14] EDIT courses_app/views/default/course.html: 0
[2015-06-10 16:17:25] EDIT courses_app/models/tables.py: 0
[2015-06-10 16:18:25] EDIT courses_app/views/default/course.html: 0
[2015-06-10 16:18:32] EDIT courses_app/views/default/course.html: 0
[2015-06-10 16:18:35] EDIT courses_app/views/default/course.html: 0
[2015-06-10 16:18:42] EDIT courses_app/views/default/course.html: 0
[2015-06-10 16:18:59] EDIT courses_app/views/default/course.html: 0
[2015-06-10 16:19:37] EDIT courses_app/views/default/course.html: 1
[2015-06-10 16:20:06] EDIT courses_app/views/default/course.html: 0
[2015-06-10 16:20:22] EDIT courses_app/views/default/course.html: 0
[2015-06-10 16:20:43] EDIT courses_app/views/default/course.html: 1
[2015-06-10 16:20:51] EDIT courses_app/views/default/course.html: -1
[2015-06-10 16:21:00] EDIT courses_app/views/default/course.html: 0
[2015-06-10 16:21:15] EDIT courses_app/views/default/course.html: -1
[2015-06-10 16:21:17] EDIT courses_app/views/default/course.html: 0
[2015-06-10 16:23:12] EDIT courses_app/views/default/course.html: -2
[2015-06-10 16:24:05] EDIT courses_app/models/tables.py: 1
[2015-06-10 16:26:09] EDIT courses_app/views/default/course.html: 6
[2015-06-10 16:26:20] EDIT courses_app/models/tables.py: 0
[2015-06-10 16:28:14] EDIT courses_app/models/validators.py: 4
[2015-06-10 16:28:54] EDIT courses_app/models/validators.py: 0
[2015-06-10 16:29:09] EDIT courses_app/models/tables.py: 0
[2015-06-10 16:35:31] EDIT courses_app/views/default/course.html: 0
[2015-06-10 16:35:53] EDIT courses_app/views/default/course.html: 0
[2015-06-10 16:37:51] EDIT courses_app/views/default/course.html: 0
[2015-06-10 16:38:17] EDIT courses_app/views/default/course.html: 0
[2015-06-10 16:38:20] EDIT courses_app/views/default/course.html: 0
[2015-06-10 16:38:33] EDIT courses_app/views/default/course.html: 0
[2015-06-10 16:39:16] EDIT courses_app/views/default/course.html: 1
[2015-06-10 16:39:35] EDIT courses_app/views/default/course.html: 0
[2015-06-10 16:39:47] EDIT courses_app/views/default/course.html: 0
[2015-06-10 16:39:52] EDIT courses_app/views/default/course.html: 0
[2015-06-10 16:40:17] EDIT courses_app/views/default/course.html: 0
[2015-06-10 16:40:21] EDIT courses_app/views/default/course.html: 0
[2015-06-10 16:40:37] EDIT courses_app/views/default/course.html: 1
[2015-06-10 16:41:04] EDIT courses_app/views/default/course.html: 0
[2015-06-10 16:41:13] EDIT courses_app/views/default/course.html: 0
[2015-06-10 16:41:33] EDIT courses_app/views/default/course.html: 0
[2015-06-10 16:42:40] EDIT courses_app/controllers/default.py: 0
[2015-06-10 16:43:21] EDIT courses_app/views/default/course.html: 2
[2015-06-10 16:44:39] EDIT courses_app/controllers/default.py: 2
[2015-06-10 16:44:46] EDIT courses_app/controllers/default.py: 0
[2015-06-10 16:44:51] EDIT courses_app/controllers/default.py: 0
[2015-06-10 16:45:37] EDIT courses_app/controllers/default.py: 1
[2015-06-10 16:45:53] EDIT courses_app/controllers/default.py: 0
[2015-06-10 16:47:10] EDIT courses_app/controllers/default.py: 0
[2015-06-10 16:48:45] EDIT courses_app/controllers/default.py: 0
[2015-06-10 16:48:53] EDIT courses_app/controllers/default.py: 0
[2015-06-10 16:49:28] EDIT courses_app/controllers/default.py: 0
[2015-06-10 16:49:37] EDIT courses_app/controllers/default.py: 0
[2015-06-10 16:50:06] EDIT courses_app/controllers/default.py: 0
[2015-06-10 16:50:36] EDIT courses_app/controllers/default.py: 0
[2015-06-10 16:51:19] EDIT courses_app/controllers/default.py: 1
[2015-06-10 16:51:27] EDIT courses_app/controllers/default.py: 1
[2015-06-10 16:51:44] EDIT courses_app/controllers/default.py: 0
[2015-06-10 16:52:06] EDIT courses_app/controllers/default.py: -1
[2015-06-10 16:52:11] EDIT courses_app/controllers/default.py: 0
[2015-06-10 16:52:21] EDIT courses_app/controllers/default.py: 0
[2015-06-10 16:52:32] EDIT courses_app/controllers/default.py: 0
[2015-06-10 17:02:32] CREATE base_dash.html: 0
[2015-06-10 17:02:44] EDIT courses_app/views/base_dash.html: 691
[2015-06-10 17:02:57] CREATE default/my_courses.html: 0
[2015-06-10 17:03:11] EDIT courses_app/views/default/my_courses.html: -2
[2015-06-10 17:04:06] EDIT courses_app/views/base_dash.html: -3
[2015-06-10 17:04:14] EDIT courses_app/views/base_dash.html: 0
[2015-06-10 17:06:51] EDIT courses_app/views/base_dash.html: 0
[2015-06-10 17:07:19] EDIT courses_app/views/base_dash.html: 2
[2015-06-10 17:07:28] EDIT courses_app/views/base_dash.html: -3
[2015-06-10 17:08:10] EDIT courses_app/views/base_dash.html: 0
[2015-06-10 17:08:32] EDIT courses_app/views/base_dash.html: -3
[2015-06-10 17:10:00] EDIT courses_app/views/base_dash.html: -138
[2015-06-10 17:10:12] EDIT courses_app/views/base_dash.html: -2
[2015-06-10 17:10:24] EDIT courses_app/views/base_dash.html: 0
[2015-06-10 17:11:02] EDIT courses_app/views/base_dash.html: 0
[2015-06-10 17:11:23] EDIT courses_app/views/base_dash.html: 0
[2015-06-10 17:12:36] EDIT courses_app/models/db.py: 3
[2015-06-10 17:12:43] EDIT courses_app/models/db.py: 0
[2015-06-10 17:12:45] EDIT courses_app/models/db.py: 0
[2015-06-10 17:14:16] EDIT courses_app/views/base_dash.html: 0
[2015-06-10 17:14:48] EDIT courses_app/views/base_dash.html: 0
[2015-06-10 17:15:43] EDIT courses_app/views/base_dash.html: 0
[2015-06-10 17:17:48] EDIT courses_app/views/base_dash.html: -15
[2015-06-10 17:18:00] EDIT courses_app/views/base_dash.html: 0
[2015-06-10 17:18:48] EDIT courses_app/views/base_dash.html: -29
[2015-06-10 17:20:07] EDIT courses_app/views/base_dash.html: -336
[2015-06-10 17:20:57] EDIT courses_app/views/base_dash.html: 0
[2015-06-10 17:21:11] EDIT courses_app/views/base_dash.html: 0
[2015-06-10 17:24:16] EDIT courses_app/views/base_dash.html: -50
[2015-06-10 17:25:10] EDIT courses_app/views/base_dash.html: 1
[2015-06-10 17:25:25] EDIT courses_app/views/default/my_courses.html: 1
[2015-06-10 17:25:31] EDIT courses_app/views/default/my_courses.html: 0
[2015-06-10 17:33:57] EDIT courses_app/views/base_dash.html: 0
[2015-06-10 17:34:17] EDIT courses_app/views/base_dash.html: 0
[2015-06-10 17:43:42] EDIT courses_app/controllers/default.py: 0
[2015-06-10 17:43:47] EDIT courses_app/controllers/default.py: 0
[2015-06-10 17:44:25] EDIT courses_app/controllers/default.py: 3
[2015-06-10 17:45:54] EDIT courses_app/controllers/default.py: -3
[2015-06-10 17:45:56] EDIT courses_app/controllers/default.py: 0
[2015-06-10 17:45:59] EDIT courses_app/controllers/default.py: 0
[2015-06-10 17:47:22] EDIT courses_app/views/default/my_courses.html: 15
[2015-06-10 17:47:44] EDIT courses_app/views/default/my_courses.html: 0
[2015-06-10 17:48:03] EDIT courses_app/views/default/my_courses.html: 0
[2015-06-10 17:49:19] EDIT courses_app/views/default/my_courses.html: 0
[2015-06-10 17:49:40] EDIT courses_app/views/default/my_courses.html: 0
[2015-06-10 17:49:52] EDIT courses_app/views/default/my_courses.html: -3
